[0318/221949.452:ERROR:process_info.cc(375)] NtQuerySystemInformation SystemExtendedHandleInformation: La longueur d’enregistrement d’informations spécifiée ne correspond pas à la longueur nécessaire pour la classe d’informations spécifiée. (0xc0000004)
[0318/221949.475:ERROR:process_memory_win.cc(73)] ReadMemory at 0x7ff64c500000 of 64 bytes failed: Seule une partie d’une requête ReadProcessMemory ou WriteProcessMemory a été effectuée. (0x12B)
[0318/221949.476:WARNING:pe_image_reader.cc(340)] could not read dos header from C:\Program Files (x86)\Google\Chrome\Application\chrome.exe
[0318/221949.476:ERROR:process_memory_win.cc(73)] ReadMemory at 0x7ffad7200000 of 64 bytes failed: Seule une partie d’une requête ReadProcessMemory ou WriteProcessMemory a été effectuée. (0x12B)
[0318/221949.476:WARNING:pe_image_reader.cc(340)] could not read dos header from C:\WINDOWS\SYSTEM32\ntdll.dll
[0318/221949.476:ERROR:process_memory_win.cc(73)] ReadMemory at 0x7ffad5d00000 of 64 bytes failed: Seule une partie d’une requête ReadProcessMemory ou WriteProcessMemory a été effectuée. (0x12B)
[0318/221949.476:WARNING:pe_image_reader.cc(340)] could not read dos header from C:\WINDOWS\System32\KERNEL32.DLL
[0318/221949.476:ERROR:process_memory_win.cc(73)] ReadMemory at 0x7ffad4670000 of 64 bytes failed: Seule une partie d’une requête ReadProcessMemory ou WriteProcessMemory a été effectuée. (0x12B)
[0318/221949.476:WARNING:pe_image_reader.cc(340)] could not read dos header from C:\WINDOWS\System32\KERNELBASE.dll
[0318/221949.476:ERROR:process_memory_win.cc(73)] ReadMemory at 0x7ffa97fb0000 of 64 bytes failed: Seule une partie d’une requête ReadProcessMemory ou WriteProcessMemory a été effectuée. (0x12B)
[0318/221949.476:WARNING:pe_image_reader.cc(340)] could not read dos header from C:\Program Files (x86)\Google\Chrome\Application\80.0.3987.149\chrome_elf.dll
[0318/221949.476:ERROR:process_memory_win.cc(73)] ReadMemory at 0x7ffacc890000 of 64 bytes failed: Seule une partie d’une requête ReadProcessMemory ou WriteProcessMemory a été effectuée. (0x12B)
[0318/221949.476:WARNING:pe_image_reader.cc(340)] could not read dos header from C:\WINDOWS\SYSTEM32\VERSION.dll
[0318/221949.476:ERROR:process_memory_win.cc(73)] ReadMemory at 0x7ffad6410000 of 64 bytes failed: Seule une partie d’une requête ReadProcessMemory ou WriteProcessMemory a été effectuée. (0x12B)
[0318/221949.476:WARNING:pe_image_reader.cc(340)] could not read dos header from C:\WINDOWS\System32\msvcrt.dll
[0318/221949.476:ERROR:process_memory_win.cc(73)] ReadMemory at 0x7ffad43b0000 of 64 bytes failed: Seule une partie d’une requête ReadProcessMemory ou WriteProcessMemory a été effectuée. (0x12B)
[0318/221949.476:WARNING:pe_image_reader.cc(340)] could not read dos header from C:\WINDOWS\System32\bcryptPrimitives.dll
[0318/221949.477:ERROR:process_memory_win.cc(73)] ReadMemory at 0x7ffad6dc0000 of 64 bytes failed: Seule une partie d’une requête ReadProcessMemory ou WriteProcessMemory a été effectuée. (0x12B)
[0318/221949.477:WARNING:pe_image_reader.cc(340)] could not read dos header from C:\WINDOWS\System32\ADVAPI32.dll
[0318/221949.477:ERROR:process_memory_win.cc(73)] ReadMemory at 0x7ffad52b0000 of 64 bytes failed: Seule une partie d’une requête ReadProcessMemory ou WriteProcessMemory a été effectuée. (0x12B)
[0318/221949.477:WARNING:pe_image_reader.cc(340)] could not read dos header from C:\WINDOWS\System32\sechost.dll
[0318/221949.477:ERROR:process_memory_win.cc(73)] ReadMemory at 0x7ffad5960000 of 64 bytes failed: Seule une partie d’une requête ReadProcessMemory ou WriteProcessMemory a été effectuée. (0x12B)
[0318/221949.477:WARNING:pe_image_reader.cc(340)] could not read dos header from C:\WINDOWS\System32\RPCRT4.dll
[0318/221949.477:ERROR:process_memory_win.cc(73)] ReadMemory at 0x7ffa594e0000 of 64 bytes failed: Seule une partie d’une requête ReadProcessMemory ou WriteProcessMemory a été effectuée. (0x12B)
[0318/221949.477:WARNING:pe_image_reader.cc(340)] could not read dos header from C:\Program Files (x86)\Google\Chrome\Application\80.0.3987.149\chrome.dll
[0318/221949.477:ERROR:process_memory_win.cc(73)] ReadMemory at 0x7ffad65c0000 of 64 bytes failed: Seule une partie d’une requête ReadProcessMemory ou WriteProcessMemory a été effectuée. (0x12B)
[0318/221949.477:WARNING:pe_image_reader.cc(340)] could not read dos header from C:\WINDOWS\System32\WS2_32.dll
[0318/221949.477:ERROR:process_memory_win.cc(73)] ReadMemory at 0x7ffad70c0000 of 64 bytes failed: Seule une partie d’une requête ReadProcessMemory ou WriteProcessMemory a été effectuée. (0x12B)
[0318/221949.477:WARNING:pe_image_reader.cc(340)] could not read dos header from C:\WINDOWS\System32\OLEAUT32.dll
[0318/221949.477:ERROR:process_memory_win.cc(73)] ReadMemory at 0x7ffad5210000 of 64 bytes failed: Seule une partie d’une requête ReadProcessMemory ou WriteProcessMemory a été effectuée. (0x12B)
[0318/221949.477:WARNING:pe_image_reader.cc(340)] could not read dos header from C:\WINDOWS\System32\msvcp_win.dll
[0318/221949.477:ERROR:process_memory_win.cc(73)] ReadMemory at 0x7ffad4540000 of 64 bytes failed: Seule une partie d’une requête ReadProcessMemory ou WriteProcessMemory a été effectuée. (0x12B)
[0318/221949.477:WARNING:pe_image_reader.cc(340)] could not read dos header from C:\WINDOWS\System32\ucrtbase.dll
[0318/221949.477:ERROR:process_memory_win.cc(73)] ReadMemory at 0x7ffad5380000 of 64 bytes failed: Seule une partie d’une requête ReadProcessMemory ou WriteProcessMemory a été effectuée. (0x12B)
[0318/221949.477:WARNING:pe_image_reader.cc(340)] could not read dos header from C:\WINDOWS\System32\combase.dll
[0318/221949.477:ERROR:process_memory_win.cc(73)] ReadMemory at 0x7ffad4430000 of 64 bytes failed: Seule une partie d’une requête ReadProcessMemory ou WriteProcessMemory a été effectuée. (0x12B)
[0318/221949.477:WARNING:pe_image_reader.cc(340)] could not read dos header from C:\WINDOWS\System32\WINTRUST.dll
[0318/221949.477:ERROR:process_memory_win.cc(73)] ReadMemory at 0x7ffad40d0000 of 64 bytes failed: Seule une partie d’une requête ReadProcessMemory ou WriteProcessMemory a été effectuée. (0x12B)
[0318/221949.477:WARNING:pe_image_reader.cc(340)] could not read dos header from C:\WINDOWS\System32\MSASN1.dll
[0318/221949.477:ERROR:process_memory_win.cc(73)] ReadMemory at 0x7ffad50c0000 of 64 bytes failed: Seule une partie d’une requête ReadProcessMemory ou WriteProcessMemory a été effectuée. (0x12B)
[0318/221949.477:WARNING:pe_image_reader.cc(340)] could not read dos header from C:\WINDOWS\System32\CRYPT32.dll
[0318/221949.477:ERROR:process_memory_win.cc(73)] ReadMemory at 0x7ffad3640000 of 64 bytes failed: Seule une partie d’une requête ReadProcessMemory ou WriteProcessMemory a été effectuée. (0x12B)
[0318/221949.477:WARNING:pe_image_reader.cc(340)] could not read dos header from C:\WINDOWS\SYSTEM32\IPHLPAPI.DLL
[0318/221949.477:ERROR:process_memory_win.cc(73)] ReadMemory at 0x7ffac5530000 of 64 bytes failed: Seule une partie d’une requête ReadProcessMemory ou WriteProcessMemory a été effectuée. (0x12B)
[0318/221949.477:WARNING:pe_image_reader.cc(340)] could not read dos header from C:\WINDOWS\SYSTEM32\WINMM.dll
[0318/221949.477:ERROR:process_memory_win.cc(73)] ReadMemory at 0x7ffac7250000 of 64 bytes failed: Seule une partie d’une requête ReadProcessMemory ou WriteProcessMemory a été effectuée. (0x12B)
[0318/221949.477:WARNING:pe_image_reader.cc(340)] could not read dos header from C:\WINDOWS\SYSTEM32\Secur32.dll
[0318/221949.477:ERROR:process_memory_win.cc(73)] ReadMemory at 0x7ffad3fb0000 of 64 bytes failed: Seule une partie d’une requête ReadProcessMemory ou WriteProcessMemory a été effectuée. (0x12B)
[0318/221949.478:WARNING:pe_image_reader.cc(340)] could not read dos header from C:\WINDOWS\SYSTEM32\USERENV.dll
[0318/221949.478:ERROR:process_memory_win.cc(73)] ReadMemory at 0x7ffad40f0000 of 64 bytes failed: Seule une partie d’une requête ReadProcessMemory ou WriteProcessMemory a été effectuée. (0x12B)
[0318/221949.478:WARNING:pe_image_reader.cc(340)] could not read dos header from C:\WINDOWS\System32\profapi.dll
[0318/221949.478:ERROR:process_memory_win.cc(73)] ReadMemory at 0x7ffa9ff20000 of 64 bytes failed: Seule une partie d’une requête ReadProcessMemory ou WriteProcessMemory a été effectuée. (0x12B)
[0318/221949.478:WARNING:pe_image_reader.cc(340)] could not read dos header from C:\WINDOWS\SYSTEM32\UIAutomationCore.DLL
[0318/221949.478:ERROR:process_memory_win.cc(73)] ReadMemory at 0x7ffaacf70000 of 64 bytes failed: Seule une partie d’une requête ReadProcessMemory ou WriteProcessMemory a été effectuée. (0x12B)
[0318/221949.478:WARNING:pe_image_reader.cc(340)] could not read dos header from C:\WINDOWS\SYSTEM32\DWrite.dll
[0318/221949.478:ERROR:process_memory_win.cc(73)] ReadMemory at 0x7ffac3160000 of 64 bytes failed: Seule une partie d’une requête ReadProcessMemory ou WriteProcessMemory a été effectuée. (0x12B)
[0318/221949.478:WARNING:pe_image_reader.cc(340)] could not read dos header from C:\WINDOWS\SYSTEM32\WINSPOOL.DRV
[0318/221949.478:ERROR:process_memory_win.cc(73)] ReadMemory at 0x7ffad4170000 of 64 bytes failed: Seule une partie d’une requête ReadProcessMemory ou WriteProcessMemory a été effectuée. (0x12B)
[0318/221949.478:WARNING:pe_image_reader.cc(340)] could not read dos header from C:\WINDOWS\System32\kernel.appcore.dll
[0318/221949.478:ERROR:process_memory_win.cc(73)] ReadMemory at 0x7ffad4640000 of 64 bytes failed: Seule une partie d’une requête ReadProcessMemory ou WriteProcessMemory a été effectuée. (0x12B)
[0318/221949.478:WARNING:pe_image_reader.cc(340)] could not read dos header from C:\WINDOWS\System32\bcrypt.dll
[0318/221949.478:ERROR:process_memory_win.cc(73)] ReadMemory at 0x7ffad29f0000 of 64 bytes failed: Seule une partie d’une requête ReadProcessMemory ou WriteProcessMemory a été effectuée. (0x12B)
[0318/221949.478:WARNING:pe_image_reader.cc(340)] could not read dos header from C:\WINDOWS\SYSTEM32\dbghelp.dll
[0318/221949.478:ERROR:process_memory_win.cc(73)] ReadMemory at 0x7ffacb760000 of 64 bytes failed: Seule une partie d’une requête ReadProcessMemory ou WriteProcessMemory a été effectuée. (0x12B)
[0318/221949.478:WARNING:pe_image_reader.cc(340)] could not read dos header from C:\WINDOWS\SYSTEM32\WINHTTP.dll
[0318/221949.478:ERROR:process_memory_win.cc(73)] ReadMemory at 0x7ffacc930000 of 64 bytes failed: Seule une partie d’une requête ReadProcessMemory ou WriteProcessMemory a été effectuée. (0x12B)
[0318/221949.478:WARNING:pe_image_reader.cc(340)] could not read dos header from C:\WINDOWS\SYSTEM32\dhcpcsvc.DLL
[0318/221949.478:ERROR:process_memory_win.cc(73)] ReadMemory at 0x21c11f70000 of 64 bytes failed: Seule une partie d’une requête ReadProcessMemory ou WriteProcessMemory a été effectuée. (0x12B)
[0318/221949.478:WARNING:pe_image_reader.cc(340)] could not read dos header from C:\WINDOWS\System32\NSI.dll
[0318/221949.478:ERROR:process_memory_win.cc(73)] ReadMemory at 0x7ffac5ab0000 of 64 bytes failed: Seule une partie d’une requête ReadProcessMemory ou WriteProcessMemory a été effectuée. (0x12B)
[0318/221949.478:WARNING:pe_image_reader.cc(340)] could not read dos header from C:\WINDOWS\SYSTEM32\WINMMBASE.dll
[0318/221949.478:ERROR:process_memory_win.cc(73)] ReadMemory at 0x7ffad41c0000 of 64 bytes failed: Seule une partie d’une requête ReadProcessMemory ou WriteProcessMemory a été effectuée. (0x12B)
[0318/221949.478:WARNING:pe_image_reader.cc(340)] could not read dos header from C:\WINDOWS\System32\cfgmgr32.dll
[0318/221949.478:ERROR:process_memory_win.cc(73)] ReadMemory at 0x7ffad0970000 of 64 bytes failed: Seule une partie d’une requête ReadProcessMemory ou WriteProcessMemory a été effectuée. (0x12B)
[0318/221949.478:WARNING:pe_image_reader.cc(340)] could not read dos header from C:\WINDOWS\SYSTEM32\PROPSYS.dll
[0318/221949.478:ERROR:process_memory_win.cc(73)] ReadMemory at 0x7ffad64b0000 of 64 bytes failed: Seule une partie d’une requête ReadProcessMemory ou WriteProcessMemory a été effectuée. (0x12B)
[0318/221949.478:WARNING:pe_image_reader.cc(340)] could not read dos header from C:\WINDOWS\System32\shcore.dll
[0318/221949.478:ERROR:process_memory_win.cc(73)] ReadMemory at 0x7ffad3fe0000 of 64 bytes failed: Seule une partie d’une requête ReadProcessMemory ou WriteProcessMemory a été effectuée. (0x12B)
[0318/221949.478:WARNING:pe_image_reader.cc(340)] could not read dos header from C:\WINDOWS\SYSTEM32\SSPICLI.DLL
[0318/221949.478:ERROR:process_memory_win.cc(73)] ReadMemory at 0x7ffad3b00000 of 64 bytes failed: Seule une partie d’une requête ReadProcessMemory ou WriteProcessMemory a été effectuée. (0x12B)
[0318/221949.478:WARNING:pe_image_reader.cc(340)] could not read dos header from C:\WINDOWS\SYSTEM32\CRYPTBASE.DLL
[0318/221949.478:ERROR:process_memory_win.cc(73)] ReadMemory at 0x7ff64c500000 of 64 bytes failed: Seule une partie d’une requête ReadProcessMemory ou WriteProcessMemory a été effectuée. (0x12B)
[0318/221949.478:WARNING:pe_image_reader.cc(340)] could not read dos header from C:\Program Files (x86)\Google\Chrome\Application\chrome.exe
[0318/221949.478:ERROR:process_memory_win.cc(73)] ReadMemory at 0x7ffad7200000 of 64 bytes failed: Seule une partie d’une requête ReadProcessMemory ou WriteProcessMemory a été effectuée. (0x12B)
[0318/221949.478:WARNING:pe_image_reader.cc(340)] could not read dos header from C:\WINDOWS\SYSTEM32\ntdll.dll
[0318/221949.478:ERROR:process_memory_win.cc(73)] ReadMemory at 0x7ffad5d00000 of 64 bytes failed: Seule une partie d’une requête ReadProcessMemory ou WriteProcessMemory a été effectuée. (0x12B)
[0318/221949.478:WARNING:pe_image_reader.cc(340)] could not read dos header from C:\WINDOWS\System32\KERNEL32.DLL
[0318/221949.478:ERROR:process_memory_win.cc(73)] ReadMemory at 0x7ffad4670000 of 64 bytes failed: Seule une partie d’une requête ReadProcessMemory ou WriteProcessMemory a été effectuée. (0x12B)
[0318/221949.478:WARNING:pe_image_reader.cc(340)] could not read dos header from C:\WINDOWS\System32\KERNELBASE.dll
[0318/221949.479:ERROR:process_memory_win.cc(73)] ReadMemory at 0x7ffa97fb0000 of 64 bytes failed: Seule une partie d’une requête ReadProcessMemory ou WriteProcessMemory a été effectuée. (0x12B)
[0318/221949.479:WARNING:pe_image_reader.cc(340)] could not read dos header from C:\Program Files (x86)\Google\Chrome\Application\80.0.3987.149\chrome_elf.dll
[0318/221949.479:ERROR:process_memory_win.cc(73)] ReadMemory at 0x7ffacc890000 of 64 bytes failed: Seule une partie d’une requête ReadProcessMemory ou WriteProcessMemory a été effectuée. (0x12B)
[0318/221949.479:WARNING:pe_image_reader.cc(340)] could not read dos header from C:\WINDOWS\SYSTEM32\VERSION.dll
[0318/221949.479:ERROR:process_memory_win.cc(73)] ReadMemory at 0x7ffad6410000 of 64 bytes failed: Seule une partie d’une requête ReadProcessMemory ou WriteProcessMemory a été effectuée. (0x12B)
[0318/221949.479:WARNING:pe_image_reader.cc(340)] could not read dos header from C:\WINDOWS\System32\msvcrt.dll
[0318/221949.479:ERROR:process_memory_win.cc(73)] ReadMemory at 0x7ffad43b0000 of 64 bytes failed: Seule une partie d’une requête ReadProcessMemory ou WriteProcessMemory a été effectuée. (0x12B)
[0318/221949.479:WARNING:pe_image_reader.cc(340)] could not read dos header from C:\WINDOWS\System32\bcryptPrimitives.dll
[0318/221949.479:ERROR:process_memory_win.cc(73)] ReadMemory at 0x7ffad6dc0000 of 64 bytes failed: Seule une partie d’une requête ReadProcessMemory ou WriteProcessMemory a été effectuée. (0x12B)
[0318/221949.479:WARNING:pe_image_reader.cc(340)] could not read dos header from C:\WINDOWS\System32\ADVAPI32.dll
[0318/221949.479:ERROR:process_memory_win.cc(73)] ReadMemory at 0x7ffad52b0000 of 64 bytes failed: Seule une partie d’une requête ReadProcessMemory ou WriteProcessMemory a été effectuée. (0x12B)
[0318/221949.479:WARNING:pe_image_reader.cc(340)] could not read dos header from C:\WINDOWS\System32\sechost.dll
[0318/221949.479:ERROR:process_memory_win.cc(73)] ReadMemory at 0x7ffad5960000 of 64 bytes failed: Seule une partie d’une requête ReadProcessMemory ou WriteProcessMemory a été effectuée. (0x12B)
[0318/221949.479:WARNING:pe_image_reader.cc(340)] could not read dos header from C:\WINDOWS\System32\RPCRT4.dll
[0318/221949.479:ERROR:process_memory_win.cc(73)] ReadMemory at 0x7ffa594e0000 of 64 bytes failed: Seule une partie d’une requête ReadProcessMemory ou WriteProcessMemory a été effectuée. (0x12B)
[0318/221949.479:WARNING:pe_image_reader.cc(340)] could not read dos header from C:\Program Files (x86)\Google\Chrome\Application\80.0.3987.149\chrome.dll
[0318/221949.479:ERROR:process_memory_win.cc(73)] ReadMemory at 0x7ffad65c0000 of 64 bytes failed: Seule une partie d’une requête ReadProcessMemory ou WriteProcessMemory a été effectuée. (0x12B)
[0318/221949.479:WARNING:pe_image_reader.cc(340)] could not read dos header from C:\WINDOWS\System32\WS2_32.dll
[0318/221949.479:ERROR:process_memory_win.cc(73)] ReadMemory at 0x7ffad70c0000 of 64 bytes failed: Seule une partie d’une requête ReadProcessMemory ou WriteProcessMemory a été effectuée. (0x12B)
[0318/221949.479:WARNING:pe_image_reader.cc(340)] could not read dos header from C:\WINDOWS\System32\OLEAUT32.dll
[0318/221949.479:ERROR:process_memory_win.cc(73)] ReadMemory at 0x7ffad5210000 of 64 bytes failed: Seule une partie d’une requête ReadProcessMemory ou WriteProcessMemory a été effectuée. (0x12B)
[0318/221949.479:WARNING:pe_image_reader.cc(340)] could not read dos header from C:\WINDOWS\System32\msvcp_win.dll
[0318/221949.479:ERROR:process_memory_win.cc(73)] ReadMemory at 0x7ffad4540000 of 64 bytes failed: Seule une partie d’une requête ReadProcessMemory ou WriteProcessMemory a été effectuée. (0x12B)
[0318/221949.479:WARNING:pe_image_reader.cc(340)] could not read dos header from C:\WINDOWS\System32\ucrtbase.dll
[0318/221949.479:ERROR:process_memory_win.cc(73)] ReadMemory at 0x7ffad5380000 of 64 bytes failed: Seule une partie d’une requête ReadProcessMemory ou WriteProcessMemory a été effectuée. (0x12B)
[0318/221949.479:WARNING:pe_image_reader.cc(340)] could not read dos header from C:\WINDOWS\System32\combase.dll
[0318/221949.479:ERROR:process_memory_win.cc(73)] ReadMemory at 0x7ffad4430000 of 64 bytes failed: Seule une partie d’une requête ReadProcessMemory ou WriteProcessMemory a été effectuée. (0x12B)
[0318/221949.479:WARNING:pe_image_reader.cc(340)] could not read dos header from C:\WINDOWS\System32\WINTRUST.dll
[0318/221949.479:ERROR:process_memory_win.cc(73)] ReadMemory at 0x7ffad40d0000 of 64 bytes failed: Seule une partie d’une requête ReadProcessMemory ou WriteProcessMemory a été effectuée. (0x12B)
[0318/221949.479:WARNING:pe_image_reader.cc(340)] could not read dos header from C:\WINDOWS\System32\MSASN1.dll
[0318/221949.479:ERROR:process_memory_win.cc(73)] ReadMemory at 0x7ffad50c0000 of 64 bytes failed: Seule une partie d’une requête ReadProcessMemory ou WriteProcessMemory a été effectuée. (0x12B)
[0318/221949.479:WARNING:pe_image_reader.cc(340)] could not read dos header from C:\WINDOWS\System32\CRYPT32.dll
[0318/221949.479:ERROR:process_memory_win.cc(73)] ReadMemory at 0x7ffad3640000 of 64 bytes failed: Seule une partie d’une requête ReadProcessMemory ou WriteProcessMemory a été effectuée. (0x12B)
[0318/221949.479:WARNING:pe_image_reader.cc(340)] could not read dos header from C:\WINDOWS\SYSTEM32\IPHLPAPI.DLL
[0318/221949.479:ERROR:process_memory_win.cc(73)] ReadMemory at 0x7ffac5530000 of 64 bytes failed: Seule une partie d’une requête ReadProcessMemory ou WriteProcessMemory a été effectuée. (0x12B)
[0318/221949.479:WARNING:pe_image_reader.cc(340)] could not read dos header from C:\WINDOWS\SYSTEM32\WINMM.dll
[0318/221949.480:ERROR:process_memory_win.cc(73)] ReadMemory at 0x7ffac7250000 of 64 bytes failed: Seule une partie d’une requête ReadProcessMemory ou WriteProcessMemory a été effectuée. (0x12B)
[0318/221949.480:WARNING:pe_image_reader.cc(340)] could not read dos header from C:\WINDOWS\SYSTEM32\Secur32.dll
[0318/221949.480:ERROR:process_memory_win.cc(73)] ReadMemory at 0x7ffad3fb0000 of 64 bytes failed: Seule une partie d’une requête ReadProcessMemory ou WriteProcessMemory a été effectuée. (0x12B)
[0318/221949.480:WARNING:pe_image_reader.cc(340)] could not read dos header from C:\WINDOWS\SYSTEM32\USERENV.dll
[0318/221949.480:ERROR:process_memory_win.cc(73)] ReadMemory at 0x7ffad40f0000 of 64 bytes failed: Seule une partie d’une requête ReadProcessMemory ou WriteProcessMemory a été effectuée. (0x12B)
[0318/221949.480:WARNING:pe_image_reader.cc(340)] could not read dos header from C:\WINDOWS\System32\profapi.dll
[0318/221949.480:ERROR:process_memory_win.cc(73)] ReadMemory at 0x7ffa9ff20000 of 64 bytes failed: Seule une partie d’une requête ReadProcessMemory ou WriteProcessMemory a été effectuée. (0x12B)
[0318/221949.480:WARNING:pe_image_reader.cc(340)] could not read dos header from C:\WINDOWS\SYSTEM32\UIAutomationCore.DLL
[0318/221949.480:ERROR:process_memory_win.cc(73)] ReadMemory at 0x7ffaacf70000 of 64 bytes failed: Seule une partie d’une requête ReadProcessMemory ou WriteProcessMemory a été effectuée. (0x12B)
[0318/221949.480:WARNING:pe_image_reader.cc(340)] could not read dos header from C:\WINDOWS\SYSTEM32\DWrite.dll
[0318/221949.480:ERROR:process_memory_win.cc(73)] ReadMemory at 0x7ffac3160000 of 64 bytes failed: Seule une partie d’une requête ReadProcessMemory ou WriteProcessMemory a été effectuée. (0x12B)
[0318/221949.480:WARNING:pe_image_reader.cc(340)] could not read dos header from C:\WINDOWS\SYSTEM32\WINSPOOL.DRV
[0318/221949.480:ERROR:process_memory_win.cc(73)] ReadMemory at 0x7ffad4170000 of 64 bytes failed: Seule une partie d’une requête ReadProcessMemory ou WriteProcessMemory a été effectuée. (0x12B)
[0318/221949.480:WARNING:pe_image_reader.cc(340)] could not read dos header from C:\WINDOWS\System32\kernel.appcore.dll
[0318/221949.480:ERROR:process_memory_win.cc(73)] ReadMemory at 0x7ffad4640000 of 64 bytes failed: Seule une partie d’une requête ReadProcessMemory ou WriteProcessMemory a été effectuée. (0x12B)
[0318/221949.480:WARNING:pe_image_reader.cc(340)] could not read dos header from C:\WINDOWS\System32\bcrypt.dll
[0318/221949.480:ERROR:process_memory_win.cc(73)] ReadMemory at 0x7ffad29f0000 of 64 bytes failed: Seule une partie d’une requête ReadProcessMemory ou WriteProcessMemory a été effectuée. (0x12B)
[0318/221949.480:WARNING:pe_image_reader.cc(340)] could not read dos header from C:\WINDOWS\SYSTEM32\dbghelp.dll
[0318/221949.480:ERROR:process_memory_win.cc(73)] ReadMemory at 0x7ffacb760000 of 64 bytes failed: Seule une partie d’une requête ReadProcessMemory ou WriteProcessMemory a été effectuée. (0x12B)
[0318/221949.480:WARNING:pe_image_reader.cc(340)] could not read dos header from C:\WINDOWS\SYSTEM32\WINHTTP.dll
[0318/221949.480:ERROR:process_memory_win.cc(73)] ReadMemory at 0x7ffacc930000 of 64 bytes failed: Seule une partie d’une requête ReadProcessMemory ou WriteProcessMemory a été effectuée. (0x12B)
[0318/221949.480:WARNING:pe_image_reader.cc(340)] could not read dos header from C:\WINDOWS\SYSTEM32\dhcpcsvc.DLL
[0318/221949.480:ERROR:process_memory_win.cc(73)] ReadMemory at 0x21c11f70000 of 64 bytes failed: Seule une partie d’une requête ReadProcessMemory ou WriteProcessMemory a été effectuée. (0x12B)
[0318/221949.480:WARNING:pe_image_reader.cc(340)] could not read dos header from C:\WINDOWS\System32\NSI.dll
[0318/221949.480:ERROR:process_memory_win.cc(73)] ReadMemory at 0x7ffac5ab0000 of 64 bytes failed: Seule une partie d’une requête ReadProcessMemory ou WriteProcessMemory a été effectuée. (0x12B)
[0318/221949.480:WARNING:pe_image_reader.cc(340)] could not read dos header from C:\WINDOWS\SYSTEM32\WINMMBASE.dll
[0318/221949.480:ERROR:process_memory_win.cc(73)] ReadMemory at 0x7ffad41c0000 of 64 bytes failed: Seule une partie d’une requête ReadProcessMemory ou WriteProcessMemory a été effectuée. (0x12B)
[0318/221949.480:WARNING:pe_image_reader.cc(340)] could not read dos header from C:\WINDOWS\System32\cfgmgr32.dll
[0318/221949.480:ERROR:process_memory_win.cc(73)] ReadMemory at 0x7ffad0970000 of 64 bytes failed: Seule une partie d’une requête ReadProcessMemory ou WriteProcessMemory a été effectuée. (0x12B)
[0318/221949.480:WARNING:pe_image_reader.cc(340)] could not read dos header from C:\WINDOWS\SYSTEM32\PROPSYS.dll
[0318/221949.480:ERROR:process_memory_win.cc(73)] ReadMemory at 0x7ffad64b0000 of 64 bytes failed: Seule une partie d’une requête ReadProcessMemory ou WriteProcessMemory a été effectuée. (0x12B)
[0318/221949.481:WARNING:pe_image_reader.cc(340)] could not read dos header from C:\WINDOWS\System32\shcore.dll
[0318/221949.481:ERROR:process_memory_win.cc(73)] ReadMemory at 0x7ffad3fe0000 of 64 bytes failed: Seule une partie d’une requête ReadProcessMemory ou WriteProcessMemory a été effectuée. (0x12B)
[0318/221949.481:WARNING:pe_image_reader.cc(340)] could not read dos header from C:\WINDOWS\SYSTEM32\SSPICLI.DLL
[0318/221949.481:ERROR:process_memory_win.cc(73)] ReadMemory at 0x7ffad3b00000 of 64 bytes failed: Seule une partie d’une requête ReadProcessMemory ou WriteProcessMemory a été effectuée. (0x12B)
[0318/221949.481:WARNING:pe_image_reader.cc(340)] could not read dos header from C:\WINDOWS\SYSTEM32\CRYPTBASE.DLL
[0318/221949.490:ERROR:process_memory_win.cc(73)] ReadMemory at 0xd75d9f5000 of 45056 bytes failed: Seule une partie d’une requête ReadProcessMemory ou WriteProcessMemory a été effectuée. (0x12B)
[0318/221949.490:ERROR:process_memory_win.cc(73)] ReadMemory at 0xd75e1fd000 of 12288 bytes failed: Seule une partie d’une requête ReadProcessMemory ou WriteProcessMemory a été effectuée. (0x12B)
[0318/221949.490:ERROR:process_memory_win.cc(73)] ReadMemory at 0xd75e9f7000 of 36864 bytes failed: Seule une partie d’une requête ReadProcessMemory ou WriteProcessMemory a été effectuée. (0x12B)
[0318/221949.490:ERROR:process_memory_win.cc(73)] ReadMemory at 0xd75f1fd000 of 12288 bytes failed: Seule une partie d’une requête ReadProcessMemory ou WriteProcessMemory a été effectuée. (0x12B)
[0318/221949.490:ERROR:process_memory_win.cc(73)] ReadMemory at 0xd75f9fc000 of 16384 bytes failed: Seule une partie d’une requête ReadProcessMemory ou WriteProcessMemory a été effectuée. (0x12B)
[0318/221949.490:ERROR:process_memory_win.cc(73)] ReadMemory at 0xd7601fe000 of 8192 bytes failed: Seule une partie d’une requête ReadProcessMemory ou WriteProcessMemory a été effectuée. (0x12B)
[0318/221949.490:ERROR:process_memory_win.cc(73)] ReadMemory at 0xd7609fd000 of 12288 bytes failed: Seule une partie d’une requête ReadProcessMemory ou WriteProcessMemory a été effectuée. (0x12B)
[0318/221949.491:ERROR:process_memory_win.cc(73)] ReadMemory at 0xd7611fb000 of 20480 bytes failed: Seule une partie d’une requête ReadProcessMemory ou WriteProcessMemory a été effectuée. (0x12B)
[0318/221949.491:ERROR:process_memory_win.cc(73)] ReadMemory at 0xd7621fd000 of 12288 bytes failed: Seule une partie d’une requête ReadProcessMemory ou WriteProcessMemory a été effectuée. (0x12B)
[0318/221949.491:ERROR:process_memory_win.cc(73)] ReadMemory at 0xd7629fd000 of 12288 bytes failed: Seule une partie d’une requête ReadProcessMemory ou WriteProcessMemory a été effectuée. (0x12B)
[0318/221949.491:ERROR:process_memory_win.cc(73)] ReadMemory at 0xd7631fd000 of 12288 bytes failed: Seule une partie d’une requête ReadProcessMemory ou WriteProcessMemory a été effectuée. (0x12B)
[0318/221949.491:ERROR:process_memory_win.cc(73)] ReadMemory at 0xd7639fd000 of 12288 bytes failed: Seule une partie d’une requête ReadProcessMemory ou WriteProcessMemory a été effectuée. (0x12B)
[0318/221949.491:ERROR:process_memory_win.cc(73)] ReadMemory at 0xd7641fd000 of 12288 bytes failed: Seule une partie d’une requête ReadProcessMemory ou WriteProcessMemory a été effectuée. (0x12B)
[0318/221949.491:ERROR:process_memory_win.cc(73)] ReadMemory at 0xd7649fd000 of 12288 bytes failed: Seule une partie d’une requête ReadProcessMemory ou WriteProcessMemory a été effectuée. (0x12B)
[0318/221949.491:ERROR:process_memory_win.cc(73)] ReadMemory at 0xd7619fd000 of 12288 bytes failed: Seule une partie d’une requête ReadProcessMemory ou WriteProcessMemory a été effectuée. (0x12B)
[0318/221949.491:ERROR:process_memory_win.cc(73)] ReadMemory at 0xd75d17d000 of 852 bytes failed: Seule une partie d’une requête ReadProcessMemory ou WriteProcessMemory a été effectuée. (0x12B)
[0318/221949.491:ERROR:process_memory_win.cc(73)] ReadMemory at 0xd75d17e000 of 6024 bytes failed: Seule une partie d’une requête ReadProcessMemory ou WriteProcessMemory a été effectuée. (0x12B)
[0318/221949.491:ERROR:process_memory_win.cc(73)] ReadMemory at 0xd75d180000 of 6024 bytes failed: Seule une partie d’une requête ReadProcessMemory ou WriteProcessMemory a été effectuée. (0x12B)
[0318/221949.491:ERROR:process_memory_win.cc(73)] ReadMemory at 0xd75d182000 of 6024 bytes failed: Seule une partie d’une requête ReadProcessMemory ou WriteProcessMemory a été effectuée. (0x12B)
[0318/221949.492:ERROR:process_memory_win.cc(73)] ReadMemory at 0xd75d184000 of 6024 bytes failed: Seule une partie d’une requête ReadProcessMemory ou WriteProcessMemory a été effectuée. (0x12B)
[0318/221949.492:ERROR:process_memory_win.cc(73)] ReadMemory at 0xd75d186000 of 6024 bytes failed: Seule une partie d’une requête ReadProcessMemory ou WriteProcessMemory a été effectuée. (0x12B)
[0318/221949.492:ERROR:process_memory_win.cc(73)] ReadMemory at 0xd75d188000 of 6024 bytes failed: Seule une partie d’une requête ReadProcessMemory ou WriteProcessMemory a été effectuée. (0x12B)
[0318/221949.492:ERROR:process_memory_win.cc(73)] ReadMemory at 0xd75d18a000 of 6024 bytes failed: Seule une partie d’une requête ReadProcessMemory ou WriteProcessMemory a été effectuée. (0x12B)
[0318/221949.492:ERROR:process_memory_win.cc(73)] ReadMemory at 0xd75d18c000 of 6024 bytes failed: Seule une partie d’une requête ReadProcessMemory ou WriteProcessMemory a été effectuée. (0x12B)
[0318/221949.492:ERROR:process_memory_win.cc(73)] ReadMemory at 0xd75d190000 of 6024 bytes failed: Seule une partie d’une requête ReadProcessMemory ou WriteProcessMemory a été effectuée. (0x12B)
[0318/221949.492:ERROR:process_memory_win.cc(73)] ReadMemory at 0xd75d192000 of 6024 bytes failed: Seule une partie d’une requête ReadProcessMemory ou WriteProcessMemory a été effectuée. (0x12B)
[0318/221949.492:ERROR:process_memory_win.cc(73)] ReadMemory at 0xd75d194000 of 6024 bytes failed: Seule une partie d’une requête ReadProcessMemory ou WriteProcessMemory a été effectuée. (0x12B)
[0318/221949.492:ERROR:process_memory_win.cc(73)] ReadMemory at 0xd75d196000 of 6024 bytes failed: Seule une partie d’une requête ReadProcessMemory ou WriteProcessMemory a été effectuée. (0x12B)
[0318/221949.492:ERROR:process_memory_win.cc(73)] ReadMemory at 0xd75d198000 of 6024 bytes failed: Seule une partie d’une requête ReadProcessMemory ou WriteProcessMemory a été effectuée. (0x12B)
[0318/221949.492:ERROR:process_memory_win.cc(73)] ReadMemory at 0xd75d19a000 of 6024 bytes failed: Seule une partie d’une requête ReadProcessMemory ou WriteProcessMemory a été effectuée. (0x12B)
[0318/221949.492:ERROR:process_memory_win.cc(73)] ReadMemory at 0xd75d19c000 of 6024 bytes failed: Seule une partie d’une requête ReadProcessMemory ou WriteProcessMemory a été effectuée. (0x12B)
[0318/221949.493:ERROR:process_memory_win.cc(73)] ReadMemory at 0x21c11ca0fe0 of 17072 bytes failed: Seule une partie d’une requête ReadProcessMemory ou WriteProcessMemory a été effectuée. (0x12B)
[0318/221949.493:ERROR:process_memory_win.cc(73)] ReadMemory at 0x21c11ca52a0 of 1012 bytes failed: Seule une partie d’une requête ReadProcessMemory ou WriteProcessMemory a été effectuée. (0x12B)
[0318/221949.493:ERROR:process_memory_win.cc(73)] ReadMemory at 0x21c11ca58e8 of 118 bytes failed: Seule une partie d’une requête ReadProcessMemory ou WriteProcessMemory a été effectuée. (0x12B)
[0318/221949.493:ERROR:process_memory_win.cc(73)] ReadMemory at 0x21c11ca5960 of 750 bytes failed: Seule une partie d’une requête ReadProcessMemory ou WriteProcessMemory a été effectuée. (0x12B)
[0318/221949.493:ERROR:process_memory_win.cc(73)] ReadMemory at 0x21c11ca5c50 of 118 bytes failed: Seule une partie d’une requête ReadProcessMemory ou WriteProcessMemory a été effectuée. (0x12B)
[0318/221949.493:ERROR:process_memory_win.cc(73)] ReadMemory at 0x21c11ca5cc8 of 100 bytes failed: Seule une partie d’une requête ReadProcessMemory ou WriteProcessMemory a été effectuée. (0x12B)
[0318/221949.493:ERROR:process_memory_win.cc(73)] ReadMemory at 0x21c11ca5d40 of 58 bytes failed: Seule une partie d’une requête ReadProcessMemory ou WriteProcessMemory a été effectuée. (0x12B)
[0318/221949.493:ERROR:process_memory_win.cc(73)] ReadMemory at 0x21c11ca5e40 of 132 bytes failed: Seule une partie d’une requête ReadProcessMemory ou WriteProcessMemory a été effectuée. (0x12B)
[0318/221949.493:ERROR:process_memory_win.cc(73)] ReadMemory at 0x21c11ca5fd0 of 132 bytes failed: Seule une partie d’une requête ReadProcessMemory ou WriteProcessMemory a été effectuée. (0x12B)
[0318/221949.493:ERROR:process_memory_win.cc(73)] ReadMemory at 0x21c11ca6190 of 126 bytes failed: Seule une partie d’une requête ReadProcessMemory ou WriteProcessMemory a été effectuée. (0x12B)
[0318/221949.493:ERROR:process_memory_win.cc(73)] ReadMemory at 0x21c11ca6570 of 132 bytes failed: Seule une partie d’une requête ReadProcessMemory ou WriteProcessMemory a été effectuée. (0x12B)
[0318/221949.493:ERROR:process_memory_win.cc(73)] ReadMemory at 0x21c11ca6700 of 64 bytes failed: Seule une partie d’une requête ReadProcessMemory ou WriteProcessMemory a été effectuée. (0x12B)
[0318/221949.493:ERROR:process_memory_win.cc(73)] ReadMemory at 0x21c11ca68c0 of 132 bytes failed: Seule une partie d’une requête ReadProcessMemory ou WriteProcessMemory a été effectuée. (0x12B)
[0318/221949.493:ERROR:process_memory_win.cc(73)] ReadMemory at 0x21c11ca6b60 of 132 bytes failed: Seule une partie d’une requête ReadProcessMemory ou WriteProcessMemory a été effectuée. (0x12B)
[0318/221949.493:ERROR:process_memory_win.cc(73)] ReadMemory at 0x21c11ca6cf0 of 68 bytes failed: Seule une partie d’une requête ReadProcessMemory ou WriteProcessMemory a été effectuée. (0x12B)
[0318/221949.494:ERROR:process_memory_win.cc(73)] ReadMemory at 0x21c11ca7db0 of 132 bytes failed: Seule une partie d’une requête ReadProcessMemory ou WriteProcessMemory a été effectuée. (0x12B)
[0318/221949.494:ERROR:process_memory_win.cc(73)] ReadMemory at 0x21c11ca7f40 of 154 bytes failed: Seule une partie d’une requête ReadProcessMemory ou WriteProcessMemory a été effectuée. (0x12B)
[0318/221949.494:ERROR:process_memory_win.cc(73)] ReadMemory at 0x21c11ca8d10 of 132 bytes failed: Seule une partie d’une requête ReadProcessMemory ou WriteProcessMemory a été effectuée. (0x12B)
[0318/221949.494:ERROR:process_memory_win.cc(73)] ReadMemory at 0x21c11ca8eb0 of 132 bytes failed: Seule une partie d’une requête ReadProcessMemory ou WriteProcessMemory a été effectuée. (0x12B)
[0318/221949.494:ERROR:process_memory_win.cc(73)] ReadMemory at 0x21c11ca9040 of 60 bytes failed: Seule une partie d’une requête ReadProcessMemory ou WriteProcessMemory a été effectuée. (0x12B)
[0318/221949.494:ERROR:process_memory_win.cc(73)] ReadMemory at 0x21c11ca9300 of 132 bytes failed: Seule une partie d’une requête ReadProcessMemory ou WriteProcessMemory a été effectuée. (0x12B)
[0318/221949.494:ERROR:process_memory_win.cc(73)] ReadMemory at 0x21c11ca9430 of 132 bytes failed: Seule une partie d’une requête ReadProcessMemory ou WriteProcessMemory a été effectuée. (0x12B)
[0318/221949.494:ERROR:process_memory_win.cc(73)] ReadMemory at 0x21c11ca9f50 of 62 bytes failed: Seule une partie d’une requête ReadProcessMemory ou WriteProcessMemory a été effectuée. (0x12B)
[0318/221949.494:ERROR:process_memory_win.cc(73)] ReadMemory at 0x21c11cad0c0 of 132 bytes failed: Seule une partie d’une requête ReadProcessMemory ou WriteProcessMemory a été effectuée. (0x12B)
[0318/221949.494:ERROR:process_memory_win.cc(73)] ReadMemory at 0x21c11cad1f0 of 132 bytes failed: Seule une partie d’une requête ReadProcessMemory ou WriteProcessMemory a été effectuée. (0x12B)
[0318/221949.494:ERROR:process_memory_win.cc(73)] ReadMemory at 0x21c11cad380 of 80 bytes failed: Seule une partie d’une requête ReadProcessMemory ou WriteProcessMemory a été effectuée. (0x12B)
[0318/221949.494:ERROR:process_memory_win.cc(73)] ReadMemory at 0x21c11cad520 of 60 bytes failed: Seule une partie d’une requête ReadProcessMemory ou WriteProcessMemory a été effectuée. (0x12B)
[0318/221949.494:ERROR:process_memory_win.cc(73)] ReadMemory at 0x21c11cad5c0 of 64 bytes failed: Seule une partie d’une requête ReadProcessMemory ou WriteProcessMemory a été effectuée. (0x12B)
[0318/221949.494:ERROR:process_memory_win.cc(73)] ReadMemory at 0x21c11cad840 of 60 bytes failed: Seule une partie d’une requête ReadProcessMemory ou WriteProcessMemory a été effectuée. (0x12B)
[0318/221949.494:ERROR:process_memory_win.cc(73)] ReadMemory at 0x21c11cad8e0 of 64 bytes failed: Seule une partie d’une requête ReadProcessMemory ou WriteProcessMemory a été effectuée. (0x12B)
[0318/221949.495:ERROR:process_memory_win.cc(73)] ReadMemory at 0x21c11cada20 of 66 bytes failed: Seule une partie d’une requête ReadProcessMemory ou WriteProcessMemory a été effectuée. (0x12B)
[0318/221949.495:ERROR:process_memory_win.cc(73)] ReadMemory at 0x21c11cadb60 of 64 bytes failed: Seule une partie d’une requête ReadProcessMemory ou WriteProcessMemory a été effectuée. (0x12B)
[0318/221949.495:ERROR:process_memory_win.cc(73)] ReadMemory at 0x21c11cadbb0 of 64 bytes failed: Seule une partie d’une requête ReadProcessMemory ou WriteProcessMemory a été effectuée. (0x12B)
[0318/221949.495:ERROR:process_memory_win.cc(73)] ReadMemory at 0x21c11cadc00 of 62 bytes failed: Seule une partie d’une requête ReadProcessMemory ou WriteProcessMemory a été effectuée. (0x12B)
[0318/221949.495:ERROR:process_memory_win.cc(73)] ReadMemory at 0x21c11cadc50 of 62 bytes failed: Seule une partie d’une requête ReadProcessMemory ou WriteProcessMemory a été effectuée. (0x12B)
[0318/221949.495:ERROR:process_memory_win.cc(73)] ReadMemory at 0x21c11cb15e0 of 54 bytes failed: Seule une partie d’une requête ReadProcessMemory ou WriteProcessMemory a été effectuée. (0x12B)
[0318/221949.495:ERROR:process_memory_win.cc(73)] ReadMemory at 0x21c11cb21d0 of 132 bytes failed: Seule une partie d’une requête ReadProcessMemory ou WriteProcessMemory a été effectuée. (0x12B)
[0318/221949.495:ERROR:process_memory_win.cc(73)] ReadMemory at 0x21c11cb23e0 of 132 bytes failed: Seule une partie d’une requête ReadProcessMemory ou WriteProcessMemory a été effectuée. (0x12B)
[0318/221949.495:ERROR:process_memory_win.cc(73)] ReadMemory at 0x21c11cb3010 of 146 bytes failed: Seule une partie d’une requête ReadProcessMemory ou WriteProcessMemory a été effectuée. (0x12B)
[0318/221949.495:ERROR:process_memory_win.cc(73)] ReadMemory at 0x21c11cb4680 of 132 bytes failed: Seule une partie d’une requête ReadProcessMemory ou WriteProcessMemory a été effectuée. (0x12B)
[0318/221949.495:ERROR:process_memory_win.cc(73)] ReadMemory at 0x21c11cb47b0 of 132 bytes failed: Seule une partie d’une requête ReadProcessMemory ou WriteProcessMemory a été effectuée. (0x12B)
[0318/221949.495:ERROR:process_memory_win.cc(73)] ReadMemory at 0x21c11cb48e0 of 132 bytes failed: Seule une partie d’une requête ReadProcessMemory ou WriteProcessMemory a été effectuée. (0x12B)
[0318/221949.495:ERROR:process_memory_win.cc(73)] ReadMemory at 0x21c11cb4a10 of 132 bytes failed: Seule une partie d’une requête ReadProcessMemory ou WriteProcessMemory a été effectuée. (0x12B)
[0318/221949.495:ERROR:process_memory_win.cc(73)] ReadMemory at 0x21c11cb4b40 of 132 bytes failed: Seule une partie d’une requête ReadProcessMemory ou WriteProcessMemory a été effectuée. (0x12B)
[0318/221949.495:ERROR:process_memory_win.cc(73)] ReadMemory at 0x21c11cb4c70 of 132 bytes failed: Seule une partie d’une requête ReadProcessMemory ou WriteProcessMemory a été effectuée. (0x12B)
[0318/221949.495:ERROR:process_memory_win.cc(73)] ReadMemory at 0x21c11cb4ed0 of 132 bytes failed: Seule une partie d’une requête ReadProcessMemory ou WriteProcessMemory a été effectuée. (0x12B)
[0318/221949.496:ERROR:process_memory_win.cc(73)] ReadMemory at 0x21c11cb5000 of 132 bytes failed: Seule une partie d’une requête ReadProcessMemory ou WriteProcessMemory a été effectuée. (0x12B)
[0318/221949.496:ERROR:process_memory_win.cc(73)] ReadMemory at 0x21c11cb5130 of 132 bytes failed: Seule une partie d’une requête ReadProcessMemory ou WriteProcessMemory a été effectuée. (0x12B)
[0318/221949.496:ERROR:process_memory_win.cc(73)] ReadMemory at 0x21c11cb5260 of 132 bytes failed: Seule une partie d’une requête ReadProcessMemory ou WriteProcessMemory a été effectuée. (0x12B)
[0318/221949.496:ERROR:process_memory_win.cc(73)] ReadMemory at 0x21c11cb5390 of 132 bytes failed: Seule une partie d’une requête ReadProcessMemory ou WriteProcessMemory a été effectuée. (0x12B)
[0318/221949.496:ERROR:process_memory_win.cc(73)] ReadMemory at 0x21c11cb54c0 of 132 bytes failed: Seule une partie d’une requête ReadProcessMemory ou WriteProcessMemory a été effectuée. (0x12B)
[0318/221949.496:ERROR:process_memory_win.cc(73)] ReadMemory at 0x21c11cb5870 of 80 bytes failed: Seule une partie d’une requête ReadProcessMemory ou WriteProcessMemory a été effectuée. (0x12B)
[0318/221949.496:ERROR:process_memory_win.cc(73)] ReadMemory at 0x21c11cb5e10 of 76 bytes failed: Seule une partie d’une requête ReadProcessMemory ou WriteProcessMemory a été effectuée. (0x12B)
[0318/221949.496:ERROR:process_memory_win.cc(73)] ReadMemory at 0x21c11cb7a50 of 132 bytes failed: Seule une partie d’une requête ReadProcessMemory ou WriteProcessMemory a été effectuée. (0x12B)
[0318/221949.496:ERROR:process_memory_win.cc(73)] ReadMemory at 0x21c11cb7c70 of 132 bytes failed: Seule une partie d’une requête ReadProcessMemory ou WriteProcessMemory a été effectuée. (0x12B)
[0318/221949.496:ERROR:process_memory_win.cc(73)] ReadMemory at 0x21c11cb85d0 of 132 bytes failed: Seule une partie d’une requête ReadProcessMemory ou WriteProcessMemory a été effectuée. (0x12B)
[0318/221949.496:ERROR:process_memory_win.cc(73)] ReadMemory at 0x21c11cbb110 of 62 bytes failed: Seule une partie d’une requête ReadProcessMemory ou WriteProcessMemory a été effectuée. (0x12B)
[0318/221949.497:ERROR:process_memory_win.cc(73)] ReadMemory at 0x21c11cbb1b0 of 62 bytes failed: Seule une partie d’une requête ReadProcessMemory ou WriteProcessMemory a été effectuée. (0x12B)
[0318/221949.497:ERROR:process_memory_win.cc(73)] ReadMemory at 0x21c11cbb250 of 62 bytes failed: Seule une partie d’une requête ReadProcessMemory ou WriteProcessMemory a été effectuée. (0x12B)
[0318/221949.497:ERROR:process_memory_win.cc(73)] ReadMemory at 0x21c11cbb2f0 of 60 bytes failed: Seule une partie d’une requête ReadProcessMemory ou WriteProcessMemory a été effectuée. (0x12B)
[0318/221949.497:ERROR:process_memory_win.cc(73)] ReadMemory at 0x21c11cbb4d0 of 64 bytes failed: Seule une partie d’une requête ReadProcessMemory ou WriteProcessMemory a été effectuée. (0x12B)
[0318/221949.497:ERROR:process_memory_win.cc(73)] ReadMemory at 0x21c11cbb520 of 66 bytes failed: Seule une partie d’une requête ReadProcessMemory ou WriteProcessMemory a été effectuée. (0x12B)
[0318/221949.497:ERROR:process_memory_win.cc(73)] ReadMemory at 0x21c11cbb570 of 62 bytes failed: Seule une partie d’une requête ReadProcessMemory ou WriteProcessMemory a été effectuée. (0x12B)
[0318/221949.497:ERROR:process_memory_win.cc(73)] ReadMemory at 0x21c11cbb610 of 60 bytes failed: Seule une partie d’une requête ReadProcessMemory ou WriteProcessMemory a été effectuée. (0x12B)
[0318/221949.497:ERROR:process_memory_win.cc(73)] ReadMemory at 0x21c11cbb6b0 of 62 bytes failed: Seule une partie d’une requête ReadProcessMemory ou WriteProcessMemory a été effectuée. (0x12B)
[0318/221949.497:ERROR:process_memory_win.cc(73)] ReadMemory at 0x21c11cbb700 of 62 bytes failed: Seule une partie d’une requête ReadProcessMemory ou WriteProcessMemory a été effectuée. (0x12B)
[0318/221949.498:ERROR:process_memory_win.cc(73)] ReadMemory at 0x21c11cbb750 of 64 bytes failed: Seule une partie d’une requête ReadProcessMemory ou WriteProcessMemory a été effectuée. (0x12B)
[0318/221949.498:ERROR:process_memory_win.cc(73)] ReadMemory at 0x21c11cbb840 of 62 bytes failed: Seule une partie d’une requête ReadProcessMemory ou WriteProcessMemory a été effectuée. (0x12B)
[0318/221949.498:ERROR:process_memory_win.cc(73)] ReadMemory at 0x21c11cbba20 of 62 bytes failed: Seule une partie d’une requête ReadProcessMemory ou WriteProcessMemory a été effectuée. (0x12B)
[0318/221949.498:ERROR:process_memory_win.cc(73)] ReadMemory at 0x21c11cbbb10 of 60 bytes failed: Seule une partie d’une requête ReadProcessMemory ou WriteProcessMemory a été effectuée. (0x12B)
[0318/221949.498:ERROR:process_memory_win.cc(73)] ReadMemory at 0x21c11cbbd40 of 60 bytes failed: Seule une partie d’une requête ReadProcessMemory ou WriteProcessMemory a été effectuée. (0x12B)
[0318/221949.498:ERROR:process_memory_win.cc(73)] ReadMemory at 0x21c11cbbde0 of 64 bytes failed: Seule une partie d’une requête ReadProcessMemory ou WriteProcessMemory a été effectuée. (0x12B)
[0318/221949.498:ERROR:process_memory_win.cc(73)] ReadMemory at 0x21c11cbbe30 of 64 bytes failed: Seule une partie d’une requête ReadProcessMemory ou WriteProcessMemory a été effectuée. (0x12B)
[0318/221949.498:ERROR:process_memory_win.cc(73)] ReadMemory at 0x21c11cbbe80 of 58 bytes failed: Seule une partie d’une requête ReadProcessMemory ou WriteProcessMemory a été effectuée. (0x12B)
[0318/221949.498:ERROR:process_memory_win.cc(73)] ReadMemory at 0x21c11cbc750 of 132 bytes failed: Seule une partie d’une requête ReadProcessMemory ou WriteProcessMemory a été effectuée. (0x12B)
[0318/221949.498:ERROR:process_memory_win.cc(73)] ReadMemory at 0x21c11cbc880 of 132 bytes failed: Seule une partie d’une requête ReadProcessMemory ou WriteProcessMemory a été effectuée. (0x12B)
[0318/221949.498:ERROR:process_memory_win.cc(73)] ReadMemory at 0x21c11cbcae0 of 132 bytes failed: Seule une partie d’une requête ReadProcessMemory ou WriteProcessMemory a été effectuée. (0x12B)
[0318/221949.498:ERROR:process_memory_win.cc(73)] ReadMemory at 0x21c11cbcd40 of 132 bytes failed: Seule une partie d’une requête ReadProcessMemory ou WriteProcessMemory a été effectuée. (0x12B)
[0318/221949.498:ERROR:process_memory_win.cc(73)] ReadMemory at 0x21c11cbce70 of 132 bytes failed: Seule une partie d’une requête ReadProcessMemory ou WriteProcessMemory a été effectuée. (0x12B)
[0318/221949.499:ERROR:process_memory_win.cc(73)] ReadMemory at 0x21c11cbd0d0 of 132 bytes failed: Seule une partie d’une requête ReadProcessMemory ou WriteProcessMemory a été effectuée. (0x12B)
[0318/221949.499:ERROR:process_memory_win.cc(73)] ReadMemory at 0x21c11cbd920 of 132 bytes failed: Seule une partie d’une requête ReadProcessMemory ou WriteProcessMemory a été effectuée. (0x12B)
[0318/221949.499:ERROR:process_memory_win.cc(73)] ReadMemory at 0x21c11cbda50 of 132 bytes failed: Seule une partie d’une requête ReadProcessMemory ou WriteProcessMemory a été effectuée. (0x12B)
[0318/221949.499:ERROR:process_memory_win.cc(73)] ReadMemory at 0x21c11cbdb80 of 132 bytes failed: Seule une partie d’une requête ReadProcessMemory ou WriteProcessMemory a été effectuée. (0x12B)
[0318/221949.499:ERROR:process_memory_win.cc(73)] ReadMemory at 0x21c11cbdcb0 of 132 bytes failed: Seule une partie d’une requête ReadProcessMemory ou WriteProcessMemory a été effectuée. (0x12B)
[0318/221949.499:ERROR:process_memory_win.cc(73)] ReadMemory at 0x21c11cd4470 of 512 bytes failed: Seule une partie d’une requête ReadProcessMemory ou WriteProcessMemory a été effectuée. (0x12B)
[0318/221949.499:ERROR:process_memory_win.cc(73)] ReadMemory at 0x21c11cd75d0 of 512 bytes failed: Seule une partie d’une requête ReadProcessMemory ou WriteProcessMemory a été effectuée. (0x12B)
[0318/221949.499:ERROR:process_memory_win.cc(73)] ReadMemory at 0x21c12150d30 of 512 bytes failed: Seule une partie d’une requête ReadProcessMemory ou WriteProcessMemory a été effectuée. (0x12B)
[0318/221949.499:ERROR:process_memory_win.cc(73)] ReadMemory at 0x21c121519c0 of 512 bytes failed: Seule une partie d’une requête ReadProcessMemory ou WriteProcessMemory a été effectuée. (0x12B)
[0318/221949.499:ERROR:process_memory_win.cc(73)] ReadMemory at 0x21c122b2960 of 512 bytes failed: Seule une partie d’une requête ReadProcessMemory ou WriteProcessMemory a été effectuée. (0x12B)
[0318/221949.499:ERROR:process_memory_win.cc(73)] ReadMemory at 0x21c122b45b0 of 512 bytes failed: Seule une partie d’une requête ReadProcessMemory ou WriteProcessMemory a été effectuée. (0x12B)
[0318/221949.499:ERROR:process_memory_win.cc(73)] ReadMemory at 0x21c122b4c10 of 512 bytes failed: Seule une partie d’une requête ReadProcessMemory ou WriteProcessMemory a été effectuée. (0x12B)
[0318/221949.499:ERROR:process_memory_win.cc(73)] ReadMemory at 0x21c122b6090 of 512 bytes failed: Seule une partie d’une requête ReadProcessMemory ou WriteProcessMemory a été effectuée. (0x12B)
[0318/221949.499:ERROR:process_memory_win.cc(73)] ReadMemory at 0x21c122d3730 of 512 bytes failed: Seule une partie d’une requête ReadProcessMemory ou WriteProcessMemory a été effectuée. (0x12B)
[0318/221949.500:ERROR:process_memory_win.cc(73)] ReadMemory at 0x21c122d4480 of 712 bytes failed: Seule une partie d’une requête ReadProcessMemory ou WriteProcessMemory a été effectuée. (0x12B)
[0318/221949.500:ERROR:process_memory_win.cc(73)] ReadMemory at 0x21c140d9f90 of 512 bytes failed: Seule une partie d’une requête ReadProcessMemory ou WriteProcessMemory a été effectuée. (0x12B)
[0318/221949.500:ERROR:process_memory_win.cc(73)] ReadMemory at 0x21c140fe3d8 of 512 bytes failed: Seule une partie d’une requête ReadProcessMemory ou WriteProcessMemory a été effectuée. (0x12B)
[0318/221949.500:ERROR:process_memory_win.cc(73)] ReadMemory at 0x21c140fe618 of 512 bytes failed: Seule une partie d’une requête ReadProcessMemory ou WriteProcessMemory a été effectuée. (0x12B)
[0318/221949.500:ERROR:process_memory_win.cc(73)] ReadMemory at 0x21c140fe858 of 1088 bytes failed: Seule une partie d’une requête ReadProcessMemory ou WriteProcessMemory a été effectuée. (0x12B)
[0318/221949.500:ERROR:process_memory_win.cc(73)] ReadMemory at 0x21c1412ec70 of 512 bytes failed: Seule une partie d’une requête ReadProcessMemory ou WriteProcessMemory a été effectuée. (0x12B)
[0318/221949.500:ERROR:process_memory_win.cc(73)] ReadMemory at 0x21c1428d3f8 of 512 bytes failed: Seule une partie d’une requête ReadProcessMemory ou WriteProcessMemory a été effectuée. (0x12B)
[0318/221949.500:ERROR:process_memory_win.cc(73)] ReadMemory at 0x21c145d0000 of 384 bytes failed: Seule une partie d’une requête ReadProcessMemory ou WriteProcessMemory a été effectuée. (0x12B)
[0318/221949.500:ERROR:process_memory_win.cc(73)] ReadMemory at 0x7b86ea124260 of 512 bytes failed: Seule une partie d’une requête ReadProcessMemory ou WriteProcessMemory a été effectuée. (0x12B)
[0318/221949.500:ERROR:process_memory_win.cc(73)] ReadMemory at 0x7ffa5b2017f0 of 512 bytes failed: Seule une partie d’une requête ReadProcessMemory ou WriteProcessMemory a été effectuée. (0x12B)
[0318/221949.500:ERROR:process_memory_win.cc(73)] ReadMemory at 0x7ffa5ba9054c of 512 bytes failed: Seule une partie d’une requête ReadProcessMemory ou WriteProcessMemory a été effectuée. (0x12B)
[0318/221949.500:ERROR:process_memory_win.cc(73)] ReadMemory at 0x7ffa5c26f360 of 512 bytes failed: Seule une partie d’une requête ReadProcessMemory ou WriteProcessMemory a été effectuée. (0x12B)
[0318/221949.500:ERROR:process_memory_win.cc(73)] ReadMemory at 0x7ffa5c823d1b of 512 bytes failed: Seule une partie d’une requête ReadProcessMemory ou WriteProcessMemory a été effectuée. (0x12B)
[0318/221949.501:ERROR:process_memory_win.cc(73)] ReadMemory at 0x7ffa608f6d48 of 512 bytes failed: Seule une partie d’une requête ReadProcessMemory ou WriteProcessMemory a été effectuée. (0x12B)
[0318/221949.501:ERROR:process_memory_win.cc(73)] ReadMemory at 0x7ffa60be5964 of 512 bytes failed: Seule une partie d’une requête ReadProcessMemory ou WriteProcessMemory a été effectuée. (0x12B)
[0318/221949.501:ERROR:process_memory_win.cc(73)] ReadMemory at 0x7ffad729c0c4 of 672 bytes failed: Seule une partie d’une requête ReadProcessMemory ou WriteProcessMemory a été effectuée. (0x12B)
[0318/221949.501:ERROR:process_memory_win.cc(73)] ReadMemory at 0x7ffad729c6c4 of 512 bytes failed: Seule une partie d’une requête ReadProcessMemory ou WriteProcessMemory a été effectuée. (0x12B)
[0318/221949.501:ERROR:process_memory_win.cc(73)] ReadMemory at 0x7ffad729f974 of 608 bytes failed: Seule une partie d’une requête ReadProcessMemory ou WriteProcessMemory a été effectuée. (0x12B)
[0318/221949.501:ERROR:process_memory_win.cc(73)] ReadMemory at 0x7ffad732c428 of 18 bytes failed: Seule une partie d’une requête ReadProcessMemory ou WriteProcessMemory a été effectuée. (0x12B)
[0318/221949.501:ERROR:process_memory_win.cc(73)] ReadMemory at 0x7ffad735f4f8 of 40 bytes failed: Seule une partie d’une requête ReadProcessMemory ou WriteProcessMemory a été effectuée. (0x12B)
[0318/221949.501:ERROR:process_memory_win.cc(73)] ReadMemory at 0x7ffad735f978 of 48 bytes failed: Seule une partie d’une requête ReadProcessMemory ou WriteProcessMemory a été effectuée. (0x12B)
[0318/221949.501:ERROR:process_memory_win.cc(73)] ReadMemory at 0x7ffad73653c0 of 64 bytes failed: Seule une partie d’une requête ReadProcessMemory ou WriteProcessMemory a été effectuée. (0x12B)
[0318/221949.503:ERROR:scoped_process_suspend.cc(40)] NtResumeProcess: Tentative d’accès à un processus en cours d’arrêt. (0xc000010a)
